2025/02/07 11:39:03.073 [C] [panic.go:785]  the request url is  /
2025/02/07 11:39:03.073 [C] [panic.go:785]  Handler crashed with error can't find templatefile in the path:views/logincontroller/post.tpl
2025/02/07 11:39:03.073 [C] [panic.go:785]  D:/go/src/runtime/panic.go:785
2025/02/07 11:39:03.073 [C] [panic.go:785]  C:/Users/gexin/go/pkg/mod/github.com/astaxie/beego@v1.12.1/template.go:75
2025/02/07 11:39:03.073 [C] [panic.go:785]  C:/Users/gexin/go/pkg/mod/github.com/astaxie/beego@v1.12.1/controller.go:306
2025/02/07 11:39:03.073 [C] [panic.go:785]  C:/Users/gexin/go/pkg/mod/github.com/astaxie/beego@v1.12.1/controller.go:257
2025/02/07 11:39:03.073 [C] [panic.go:785]  C:/Users/gexin/go/pkg/mod/github.com/astaxie/beego@v1.12.1/controller.go:237
2025/02/07 11:39:03.073 [C] [panic.go:785]  C:/Users/gexin/go/pkg/mod/github.com/astaxie/beego@v1.12.1/router.go:865
2025/02/07 11:39:03.073 [C] [panic.go:785]  D:/go/src/net/http/server.go:3210
2025/02/07 11:39:03.073 [C] [panic.go:785]  D:/go/src/net/http/server.go:2092
2025/02/07 11:39:03.073 [C] [panic.go:785]  D:/go/src/runtime/asm_amd64.s:1700
2025/02/07 11:39:49.914 [C] [panic.go:785]  the request url is  /
2025/02/07 11:39:49.914 [C] [panic.go:785]  Handler crashed with error can't find templatefile in the path:views/logincontroller/post.tpl
2025/02/07 11:39:49.914 [C] [panic.go:785]  D:/go/src/runtime/panic.go:785
2025/02/07 11:39:49.914 [C] [panic.go:785]  C:/Users/gexin/go/pkg/mod/github.com/astaxie/beego@v1.12.1/template.go:75
2025/02/07 11:39:49.914 [C] [panic.go:785]  C:/Users/gexin/go/pkg/mod/github.com/astaxie/beego@v1.12.1/controller.go:306
2025/02/07 11:39:49.914 [C] [panic.go:785]  C:/Users/gexin/go/pkg/mod/github.com/astaxie/beego@v1.12.1/controller.go:257
2025/02/07 11:39:49.914 [C] [panic.go:785]  C:/Users/gexin/go/pkg/mod/github.com/astaxie/beego@v1.12.1/controller.go:237
2025/02/07 11:39:49.914 [C] [panic.go:785]  C:/Users/gexin/go/pkg/mod/github.com/astaxie/beego@v1.12.1/router.go:865
2025/02/07 11:39:49.914 [C] [panic.go:785]  D:/go/src/net/http/server.go:3210
2025/02/07 11:39:49.914 [C] [panic.go:785]  D:/go/src/net/http/server.go:2092
2025/02/07 11:39:49.914 [C] [panic.go:785]  D:/go/src/runtime/asm_amd64.s:1700
2025/02/07 13:59:15.636 [C] [panic.go:785]  the request url is  /
2025/02/07 13:59:15.636 [C] [panic.go:785]  Handler crashed with error runtime error: invalid memory address or nil pointer dereference
2025/02/07 13:59:15.636 [C] [panic.go:785]  D:/go/src/runtime/panic.go:785
2025/02/07 13:59:15.636 [C] [panic.go:785]  D:/go/src/runtime/panic.go:262
2025/02/07 13:59:15.636 [C] [panic.go:785]  D:/go/src/runtime/signal_windows.go:401
2025/02/07 13:59:15.636 [C] [panic.go:785]  C:/Users/gexin/go/pkg/mod/github.com/astaxie/beego@v1.12.1/controller.go:624
2025/02/07 13:59:15.636 [C] [panic.go:785]  D:/inos_project/controllers/login/loginController.go:101
2025/02/07 13:59:15.636 [C] [panic.go:785]  C:/Users/gexin/go/pkg/mod/github.com/astaxie/beego@v1.12.1/router.go:835
2025/02/07 13:59:15.636 [C] [panic.go:785]  D:/go/src/net/http/server.go:3210
2025/02/07 13:59:15.636 [C] [panic.go:785]  D:/go/src/net/http/server.go:2092
2025/02/07 13:59:15.636 [C] [panic.go:785]  D:/go/src/runtime/asm_amd64.s:1700
2025/02/07 14:00:34.791 [C] [panic.go:785]  the request url is  /
2025/02/07 14:00:34.791 [C] [panic.go:785]  Handler crashed with error runtime error: invalid memory address or nil pointer dereference
2025/02/07 14:00:34.791 [C] [panic.go:785]  D:/go/src/runtime/panic.go:785
2025/02/07 14:00:34.791 [C] [panic.go:785]  D:/go/src/runtime/panic.go:262
2025/02/07 14:00:34.791 [C] [panic.go:785]  D:/go/src/runtime/signal_windows.go:401
2025/02/07 14:00:34.791 [C] [panic.go:785]  C:/Users/gexin/go/pkg/mod/github.com/astaxie/beego@v1.12.1/controller.go:624
2025/02/07 14:00:34.791 [C] [panic.go:785]  D:/inos_project/controllers/login/loginController.go:98
2025/02/07 14:00:34.791 [C] [panic.go:785]  C:/Users/gexin/go/pkg/mod/github.com/astaxie/beego@v1.12.1/router.go:835
2025/02/07 14:00:34.791 [C] [panic.go:785]  D:/go/src/net/http/server.go:3210
2025/02/07 14:00:34.791 [C] [panic.go:785]  D:/go/src/net/http/server.go:2092
2025/02/07 14:00:34.791 [C] [panic.go:785]  D:/go/src/runtime/asm_amd64.s:1700
2025/02/07 14:01:43.594 [C] [panic.go:785]  the request url is  /
2025/02/07 14:01:43.594 [C] [panic.go:785]  Handler crashed with error runtime error: invalid memory address or nil pointer dereference
2025/02/07 14:01:43.594 [C] [panic.go:785]  D:/go/src/runtime/panic.go:785
2025/02/07 14:01:43.594 [C] [panic.go:785]  D:/go/src/runtime/panic.go:262
2025/02/07 14:01:43.594 [C] [panic.go:785]  D:/go/src/runtime/signal_windows.go:401
2025/02/07 14:01:43.594 [C] [panic.go:785]  C:/Users/gexin/go/pkg/mod/github.com/astaxie/beego@v1.12.1/controller.go:624
2025/02/07 14:01:43.594 [C] [panic.go:785]  D:/inos_project/controllers/login/loginController.go:98
2025/02/07 14:01:43.594 [C] [panic.go:785]  C:/Users/gexin/go/pkg/mod/github.com/astaxie/beego@v1.12.1/router.go:835
2025/02/07 14:01:43.594 [C] [panic.go:785]  D:/go/src/net/http/server.go:3210
2025/02/07 14:01:43.594 [C] [panic.go:785]  D:/go/src/net/http/server.go:2092
2025/02/07 14:01:43.594 [C] [panic.go:785]  D:/go/src/runtime/asm_amd64.s:1700
2025/02/08 13:51:23.081 [C] [panic.go:785]  the request url is  /inner/user-list
2025/02/08 13:51:23.081 [C] [panic.go:785]  Handler crashed with error can't find templatefile in the path:views/execusercontroller/get.tpl
2025/02/08 13:51:23.081 [C] [panic.go:785]  D:/go/src/runtime/panic.go:785
2025/02/08 13:51:23.081 [C] [panic.go:785]  C:/Users/gexin/go/pkg/mod/github.com/astaxie/beego@v1.12.1/template.go:75
2025/02/08 13:51:23.081 [C] [panic.go:785]  C:/Users/gexin/go/pkg/mod/github.com/astaxie/beego@v1.12.1/controller.go:306
2025/02/08 13:51:23.081 [C] [panic.go:785]  C:/Users/gexin/go/pkg/mod/github.com/astaxie/beego@v1.12.1/controller.go:257
2025/02/08 13:51:23.081 [C] [panic.go:785]  C:/Users/gexin/go/pkg/mod/github.com/astaxie/beego@v1.12.1/controller.go:237
2025/02/08 13:51:23.081 [C] [panic.go:785]  C:/Users/gexin/go/pkg/mod/github.com/astaxie/beego@v1.12.1/router.go:865
2025/02/08 13:51:23.081 [C] [panic.go:785]  D:/go/src/net/http/server.go:3210
2025/02/08 13:51:23.081 [C] [panic.go:785]  D:/go/src/net/http/server.go:2092
2025/02/08 13:51:23.081 [C] [panic.go:785]  D:/go/src/runtime/asm_amd64.s:1700
2025/02/18 09:09:15.930 [C] [asm_amd64.s:1700]  ListenAndServe:  listen tcp :8089: bind: Only one usage of each socket address (protocol/network address/port) is normally permitted.
2025/02/18 09:09:15.930 [C] [asm_amd64.s:1700]  ListenAndServe:  listen tcp :8089: bind: Only one usage of each socket address (protocol/network address/port) is normally permitted.
2025/02/18 09:09:16.648 [C] [asm_amd64.s:1700]  ListenAndServe:  listen tcp :8089: bind: Only one usage of each socket address (protocol/network address/port) is normally permitted.
2025/02/18 09:09:17.656 [C] [asm_amd64.s:1700]  ListenAndServe:  listen tcp :8089: bind: Only one usage of each socket address (protocol/network address/port) is normally permitted.
2025/02/18 09:09:18.671 [C] [asm_amd64.s:1700]  ListenAndServe:  listen tcp :8089: bind: Only one usage of each socket address (protocol/network address/port) is normally permitted.
2025/02/18 09:09:19.681 [C] [asm_amd64.s:1700]  ListenAndServe:  listen tcp :8089: bind: Only one usage of each socket address (protocol/network address/port) is normally permitted.
2025/02/18 09:09:20.699 [C] [asm_amd64.s:1700]  ListenAndServe:  listen tcp :8089: bind: Only one usage of each socket address (protocol/network address/port) is normally permitted.
2025/02/18 09:09:21.703 [C] [asm_amd64.s:1700]  ListenAndServe:  listen tcp :8089: bind: Only one usage of each socket address (protocol/network address/port) is normally permitted.
2025/02/18 09:09:22.698 [C] [asm_amd64.s:1700]  ListenAndServe:  listen tcp :8089: bind: Only one usage of each socket address (protocol/network address/port) is normally permitted.
